<html>
<head>
<title>TestNG:  Default test</title>
<link href="../testng.css" rel="stylesheet" type="text/css" />
<link href="../my-testng.css" rel="stylesheet" type="text/css" />

<style type="text/css">
.log { display: none;} 
.stack-trace { display: none;} 
</style>
<script type="text/javascript">
<!--
function flip(e) {
  current = e.style.display;
  if (current == 'block') {
    e.style.display = 'none';
    return 0;
  }
  else {
    e.style.display = 'block';
    return 1;
  }
}

function toggleBox(szDivId, elem, msg1, msg2)
{
  var res = -1;  if (document.getElementById) {
    res = flip(document.getElementById(szDivId));
  }
  else if (document.all) {
    // this is the way old msie versions work
    res = flip(document.all[szDivId]);
  }
  if(elem) {
    if(res == 0) elem.innerHTML = msg1; else elem.innerHTML = msg2;
  }

}

function toggleAllBoxes() {
  if (document.getElementsByTagName) {
    d = document.getElementsByTagName('div');
    for (i = 0; i < d.length; i++) {
      if (d[i].className == 'log') {
        flip(d[i]);
      }
    }
  }
}

// -->
</script>

</head>
<body>
<h2 align='center'>Default test</h2><table border='1' align="center">
<tr>
<td>Tests passed/Failed/Skipped:</td><td>14/1/0</td>
</tr><tr>
<td>Started on:</td><td>Mon Mar 24 21:53:54 IST 2025</td>
</tr>
<tr><td>Total time:</td><td>38 seconds (38662 ms)</td>
</tr><tr>
<td>Included groups:</td><td></td>
</tr><tr>
<td>Excluded groups:</td><td></td>
</tr>
</table><p/>
<small><i>(Hover the method name to see the test class name)</i></small><p/>
<table width='100%' border='1' class='invocation-failed'>
<tr><td colspan='4' align='center'><b>FAILED TESTS</b></td></tr>
<tr><td><b>Test method</b></td>
<td><b>Attribute(s)</b></td>
<td width="30%"><b>Exception</b></td>
<td width="10%"><b>Time (seconds)</b></td>
<td><b>Instance</b></td>
</tr>
<tr>
<td title='testcases.InventoryTest.testHamburgerMenu()'><b>testHamburgerMenu</b><br>Test class: testcases.InventoryTest</td>
<td><div><pre>org.openqa.selenium.ElementNotInteractableException: element not interactable
  (Session info: chrome=134.0.6998.118)
Build info: version: &apos;4.11.0&apos;, revision: &apos;040bc5406b&apos;
System info: os.name: &apos;Windows 11&apos;, os.arch: &apos;amd64&apos;, os.version: &apos;10.0&apos;, java.version: &apos;17.0.10&apos;
Driver info: org.openqa.selenium.chrome.ChromeDriver
Command: [3315832e595a994f59438264d32c902e, clickElement {id=f.3ABE7BB50EFD01AE9E05D6D3FCBE3B93.d.68A4750955C0742F2EE3F2ABFFB77718.e.26}]
Capabilities {acceptInsecureCerts: false, browserName: chrome, browserVersion: 134.0.6998.118, chrome: {chromedriverVersion: 134.0.6998.165 (fd886e2cb29..., userDataDir: C:\Users\darek\AppData\Loca...}, fedcm:accounts: true, goog:chromeOptions: {debuggerAddress: localhost:56800}, networkConnectionEnabled: false, pageLoadStrategy: normal, platformName: windows, proxy: Proxy(), se:cdp: ws://localhost:56800/devtoo..., se:cdpVersion: 134.0.6998.118, setWindowRect: true, strictFileInteractability: false, timeouts: {implicit: 0, pageLoad: 300000, script: 30000}, unhandledPromptBehavior: dismiss and notify, webauthn:extension:credBlob: true, webauthn:extension:largeBlob: true, webauthn:extension:minPinLength: true, webauthn:extension:prf: true, webauthn:virtualAuthenticators: true}
Element: [[ChromeDriver: chrome on windows (3315832e595a994f59438264d32c902e)] -&gt; xpath: //button[@id=&apos;react-burger-cross-btn&apos;]]
Session ID: 3315832e595a994f59438264d32c902e
	at java.base/jdk.internal.reflect.NativeConstructorAccessorImpl.newInstance0(Native Method)
	at java.base/jdk.internal.reflect.NativeConstructorAccessorImpl.newInstance(NativeConstructorAccessorImpl.java:77)
	at java.base/jdk.internal.reflect.DelegatingConstructorAccessorImpl.newInstance(DelegatingConstructorAccessorImpl.java:45)
	at java.base/java.lang.reflect.Constructor.newInstanceWithCaller(Constructor.java:499)
	at java.base/java.lang.reflect.Constructor.newInstance(Constructor.java:480)
	at org.openqa.selenium.remote.codec.w3c.W3CHttpResponseCodec.createException(W3CHttpResponseCodec.java:200)
	at org.openqa.selenium.remote.codec.w3c.W3CHttpResponseCodec.decode(W3CHttpResponseCodec.java:133)
	at org.openqa.selenium.remote.codec.w3c.W3CHttpResponseCodec.decode(W3CHttpResponseCodec.java:52)
	at org.openqa.selenium.remote.HttpCommandExecutor.execute(HttpCommandExecutor.java:191)
	at org.openqa.selenium.remote.service.DriverCommandExecutor.invokeExecute(DriverCommandExecutor.java:196)
	at org.openqa.selenium.remote.service.DriverCommandExecutor.execute(DriverCommandExecutor.java:171)
	at org.openqa.selenium.remote.RemoteWebDriver.execute(RemoteWebDriver.java:518)
	at org.openqa.selenium.remote.RemoteWebElement.execute(RemoteWebElement.java:224)
	at org.openqa.selenium.remote.RemoteWebElement.click(RemoteWebElement.java:77)
	at jdk.internal.reflect.GeneratedMethodAccessor1.invoke(Unknown Source)
	at java.base/jdk.internal.reflect.DelegatingMethodAccessorImpl.invoke(DelegatingMethodAccessorImpl.java:43)
	at java.base/java.lang.reflect.Method.invoke(Method.java:568)
	at org.openqa.selenium.support.pagefactory.internal.LocatingElementHandler.invoke(LocatingElementHandler.java:51)
	at jdk.proxy2/jdk.proxy2.$Proxy19.click(Unknown Source)
	at pages.Inventory.clickCrossBtn(Inventory.java:202)
	at testcases.InventoryTest.testHamburgerMenu(InventoryTest.java:99)
	at java.base/jdk.internal.reflect.NativeMethodAccessorImpl.invoke0(Native Method)
	at java.base/jdk.internal.reflect.NativeMethodAccessorImpl.invoke(NativeMethodAccessorImpl.java:77)
	at java.base/jdk.internal.reflect.DelegatingMethodAccessorImpl.invoke(DelegatingMethodAccessorImpl.java:43)
	at java.base/java.lang.reflect.Method.invoke(Method.java:568)
	at org.testng.internal.invokers.MethodInvocationHelper.invokeMethod(MethodInvocationHelper.java:139)
	at org.testng.internal.invokers.TestInvoker.invokeMethod(TestInvoker.java:677)
	at org.testng.internal.invokers.TestInvoker.invokeTestMethod(TestInvoker.java:221)
	at org.testng.internal.invokers.MethodRunner.runInSequence(MethodRunner.java:50)
	at org.testng.internal.invokers.TestInvoker$MethodInvocationAgent.invoke(TestInvoker.java:969)
	at org.testng.internal.invokers.TestInvoker.invokeTestMethods(TestInvoker.java:194)
	at org.testng.internal.invokers.TestMethodWorker.invokeTestMethods(TestMethodWorker.java:148)
	at org.testng.internal.invokers.TestMethodWorker.run(TestMethodWorker.java:128)
	at java.base/java.util.ArrayList.forEach(ArrayList.java:1511)
	at org.testng.TestRunner.privateRun(TestRunner.java:829)
	at org.testng.TestRunner.run(TestRunner.java:602)
	at org.testng.SuiteRunner.runTest(SuiteRunner.java:437)
	at org.testng.SuiteRunner.runSequentially(SuiteRunner.java:431)
	at org.testng.SuiteRunner.privateRun(SuiteRunner.java:391)
	at org.testng.SuiteRunner.run(SuiteRunner.java:330)
	at org.testng.SuiteRunnerWorker.runSuite(SuiteRunnerWorker.java:52)
	at org.testng.SuiteRunnerWorker.run(SuiteRunnerWorker.java:95)
	at org.testng.TestNG.runSuitesSequentially(TestNG.java:1256)
	at org.testng.TestNG.runSuitesLocally(TestNG.java:1176)
	at org.testng.TestNG.runSuites(TestNG.java:1099)
	at org.testng.TestNG.run(TestNG.java:1067)
	at org.testng.remote.AbstractRemoteTestNG.run(AbstractRemoteTestNG.java:115)
	at org.testng.remote.RemoteTestNG.initAndRun(RemoteTestNG.java:293)
	at org.testng.remote.RemoteTestNG.main(RemoteTestNG.java:91)
</pre></div><a href='#' onClick='toggleBox("stack-trace1106510750", this, "Click to show all stack frames", "Click to hide stack frames")'>Click to show all stack frames</a>
<div class='stack-trace' id='stack-trace1106510750'><pre>org.openqa.selenium.ElementNotInteractableException: element not interactable
  (Session info: chrome=134.0.6998.118)
Build info: version: &apos;4.11.0&apos;, revision: &apos;040bc5406b&apos;
System info: os.name: &apos;Windows 11&apos;, os.arch: &apos;amd64&apos;, os.version: &apos;10.0&apos;, java.version: &apos;17.0.10&apos;
Driver info: org.openqa.selenium.chrome.ChromeDriver
Command: [3315832e595a994f59438264d32c902e, clickElement {id=f.3ABE7BB50EFD01AE9E05D6D3FCBE3B93.d.68A4750955C0742F2EE3F2ABFFB77718.e.26}]
Capabilities {acceptInsecureCerts: false, browserName: chrome, browserVersion: 134.0.6998.118, chrome: {chromedriverVersion: 134.0.6998.165 (fd886e2cb29..., userDataDir: C:\Users\darek\AppData\Loca...}, fedcm:accounts: true, goog:chromeOptions: {debuggerAddress: localhost:56800}, networkConnectionEnabled: false, pageLoadStrategy: normal, platformName: windows, proxy: Proxy(), se:cdp: ws://localhost:56800/devtoo..., se:cdpVersion: 134.0.6998.118, setWindowRect: true, strictFileInteractability: false, timeouts: {implicit: 0, pageLoad: 300000, script: 30000}, unhandledPromptBehavior: dismiss and notify, webauthn:extension:credBlob: true, webauthn:extension:largeBlob: true, webauthn:extension:minPinLength: true, webauthn:extension:prf: true, webauthn:virtualAuthenticators: true}
Element: [[ChromeDriver: chrome on windows (3315832e595a994f59438264d32c902e)] -&gt; xpath: //button[@id=&apos;react-burger-cross-btn&apos;]]
Session ID: 3315832e595a994f59438264d32c902e
	at java.base/jdk.internal.reflect.NativeConstructorAccessorImpl.newInstance0(Native Method)
	at java.base/jdk.internal.reflect.NativeConstructorAccessorImpl.newInstance(NativeConstructorAccessorImpl.java:77)
	at java.base/jdk.internal.reflect.DelegatingConstructorAccessorImpl.newInstance(DelegatingConstructorAccessorImpl.java:45)
	at java.base/java.lang.reflect.Constructor.newInstanceWithCaller(Constructor.java:499)
	at java.base/java.lang.reflect.Constructor.newInstance(Constructor.java:480)
	at org.openqa.selenium.remote.codec.w3c.W3CHttpResponseCodec.createException(W3CHttpResponseCodec.java:200)
	at org.openqa.selenium.remote.codec.w3c.W3CHttpResponseCodec.decode(W3CHttpResponseCodec.java:133)
	at org.openqa.selenium.remote.codec.w3c.W3CHttpResponseCodec.decode(W3CHttpResponseCodec.java:52)
	at org.openqa.selenium.remote.HttpCommandExecutor.execute(HttpCommandExecutor.java:191)
	at org.openqa.selenium.remote.service.DriverCommandExecutor.invokeExecute(DriverCommandExecutor.java:196)
	at org.openqa.selenium.remote.service.DriverCommandExecutor.execute(DriverCommandExecutor.java:171)
	at org.openqa.selenium.remote.RemoteWebDriver.execute(RemoteWebDriver.java:518)
	at org.openqa.selenium.remote.RemoteWebElement.execute(RemoteWebElement.java:224)
	at org.openqa.selenium.remote.RemoteWebElement.click(RemoteWebElement.java:77)
	at jdk.internal.reflect.GeneratedMethodAccessor1.invoke(Unknown Source)
	at java.base/jdk.internal.reflect.DelegatingMethodAccessorImpl.invoke(DelegatingMethodAccessorImpl.java:43)
	at java.base/java.lang.reflect.Method.invoke(Method.java:568)
	at org.openqa.selenium.support.pagefactory.internal.LocatingElementHandler.invoke(LocatingElementHandler.java:51)
	at jdk.proxy2/jdk.proxy2.$Proxy19.click(Unknown Source)
	at pages.Inventory.clickCrossBtn(Inventory.java:202)
	at testcases.InventoryTest.testHamburgerMenu(InventoryTest.java:99)
	at java.base/jdk.internal.reflect.NativeMethodAccessorImpl.invoke0(Native Method)
	at java.base/jdk.internal.reflect.NativeMethodAccessorImpl.invoke(NativeMethodAccessorImpl.java:77)
	at java.base/jdk.internal.reflect.DelegatingMethodAccessorImpl.invoke(DelegatingMethodAccessorImpl.java:43)
	at java.base/java.lang.reflect.Method.invoke(Method.java:568)
	at org.testng.internal.invokers.MethodInvocationHelper.invokeMethod(MethodInvocationHelper.java:139)
	at org.testng.internal.invokers.TestInvoker.invokeMethod(TestInvoker.java:677)
	at org.testng.internal.invokers.TestInvoker.invokeTestMethod(TestInvoker.java:221)
	at org.testng.internal.invokers.MethodRunner.runInSequence(MethodRunner.java:50)
	at org.testng.internal.invokers.TestInvoker$MethodInvocationAgent.invoke(TestInvoker.java:969)
	at org.testng.internal.invokers.TestInvoker.invokeTestMethods(TestInvoker.java:194)
	at org.testng.internal.invokers.TestMethodWorker.invokeTestMethods(TestMethodWorker.java:148)
	at org.testng.internal.invokers.TestMethodWorker.run(TestMethodWorker.java:128)
	at java.base/java.util.ArrayList.forEach(ArrayList.java:1511)
	at org.testng.TestRunner.privateRun(TestRunner.java:829)
	at org.testng.TestRunner.run(TestRunner.java:602)
	at org.testng.SuiteRunner.runTest(SuiteRunner.java:437)
	at org.testng.SuiteRunner.runSequentially(SuiteRunner.java:431)
	at org.testng.SuiteRunner.privateRun(SuiteRunner.java:391)
	at org.testng.SuiteRunner.run(SuiteRunner.java:330)
	at org.testng.SuiteRunnerWorker.runSuite(SuiteRunnerWorker.java:52)
	at org.testng.SuiteRunnerWorker.run(SuiteRunnerWorker.java:95)
	at org.testng.TestNG.runSuitesSequentially(TestNG.java:1256)
	at org.testng.TestNG.runSuitesLocally(TestNG.java:1176)
	at org.testng.TestNG.runSuites(TestNG.java:1099)
	at org.testng.TestNG.run(TestNG.java:1067)
	at org.testng.remote.AbstractRemoteTestNG.run(AbstractRemoteTestNG.java:115)
	at org.testng.remote.RemoteTestNG.initAndRun(RemoteTestNG.java:293)
	at org.testng.remote.RemoteTestNG.main(RemoteTestNG.java:91)
</pre></div></td>
<td>0</td>
<td>testcases.InventoryTest@68c9133c</td></tr>
</table><p>
<table width='100%' border='1' class='invocation-passed'>
<tr><td colspan='4' align='center'><b>PASSED TESTS</b></td></tr>
<tr><td><b>Test method</b></td>
<td><b>Attribute(s)</b></td>
<td width="30%"><b>Exception</b></td>
<td width="10%"><b>Time (seconds)</b></td>
<td><b>Instance</b></td>
</tr>
<tr>
<td title='testcases.InventoryTest.verifyURLOfApplication()'><b>verifyURLOfApplication</b><br>Test class: testcases.InventoryTest</td>
<td></td>
<td>0</td>
<td>testcases.InventoryTest@68c9133c</td></tr>
<tr>
<td title='testcases.InventoryTest.verifyFacebookIconDisplayed()'><b>verifyFacebookIconDisplayed</b><br>Test class: testcases.InventoryTest</td>
<td></td>
<td>0</td>
<td>testcases.InventoryTest@68c9133c</td></tr>
<tr>
<td title='testcases.InventoryTest.verifyTitleOfApplicaton()'><b>verifyTitleOfApplicaton</b><br>Test class: testcases.InventoryTest</td>
<td></td>
<td>0</td>
<td>testcases.InventoryTest@68c9133c</td></tr>
<tr>
<td title='testcases.InventoryTest.verifyLinkedinIconDisplayed()'><b>verifyLinkedinIconDisplayed</b><br>Test class: testcases.InventoryTest</td>
<td></td>
<td>0</td>
<td>testcases.InventoryTest@68c9133c</td></tr>
<tr>
<td title='testcases.InventoryTest.checkProductNameClick()'><b>checkProductNameClick</b><br>Test class: testcases.InventoryTest<br/>
<a href="#Output-1857852787" onClick='toggleBox("Output-1857852787", this, "Show output", "Hide output");'>Show output</a>

<a href="#Output-1857852787" onClick="toggleAllBoxes();">Show all outputs</a>
<div class='log' id="Output-1857852787">
Product detail page is opned after clicking on product name<br/>
</div>
</td>
<td></td>
<td>0</td>
<td>testcases.InventoryTest@68c9133c</td></tr>
<tr>
<td title='testcases.InventoryTest.addAll6ProductToCartTest()'><b>addAll6ProductToCartTest</b><br>Test class: testcases.InventoryTest<br/>
<a href="#Output-368270275" onClick='toggleBox("Output-368270275", this, "Show output", "Hide output");'>Show output</a>

<a href="#Output-368270275" onClick="toggleAllBoxes();">Show all outputs</a>
<div class='log' id="Output-368270275">
Total products added into the cart = 6<br/>
</div>
</td>
<td></td>
<td>0</td>
<td>testcases.InventoryTest@68c9133c</td></tr>
<tr>
<td title='testcases.InventoryTest.verfifyAToZFilter()'><b>verfifyAToZFilter</b><br>Test class: testcases.InventoryTest<br/>
<a href="#Output-683327178" onClick='toggleBox("Output-683327178", this, "Show output", "Hide output");'>Show output</a>

<a href="#Output-683327178" onClick="toggleAllBoxes();">Show all outputs</a>
<div class='log' id="Output-683327178">
Sorted Product: [Sauce Labs Backpack, Sauce Labs Bike Light, Sauce Labs Bolt T-Shirt, Sauce Labs Fleece Jacket, Sauce Labs Onesie, Test.allTheThings() T-Shirt (Red)]<br/>
</div>
</td>
<td></td>
<td>0</td>
<td>testcases.InventoryTest@68c9133c</td></tr>
<tr>
<td title='testcases.InventoryTest.verfifyZToAFilter()'><b>verfifyZToAFilter</b><br>Test class: testcases.InventoryTest<br/>
<a href="#Output-589094312" onClick='toggleBox("Output-589094312", this, "Show output", "Hide output");'>Show output</a>

<a href="#Output-589094312" onClick="toggleAllBoxes();">Show all outputs</a>
<div class='log' id="Output-589094312">
Sorted Product: [Test.allTheThings() T-Shirt (Red), Sauce Labs Onesie, Sauce Labs Fleece Jacket, Sauce Labs Bolt T-Shirt, Sauce Labs Bike Light, Sauce Labs Backpack]<br/>
</div>
</td>
<td></td>
<td>0</td>
<td>testcases.InventoryTest@68c9133c</td></tr>
<tr>
<td title='testcases.InventoryTest.verfifyHighToLowFilter()'><b>verfifyHighToLowFilter</b><br>Test class: testcases.InventoryTest<br/>
<a href="#Output-521207494" onClick='toggleBox("Output-521207494", this, "Show output", "Hide output");'>Show output</a>

<a href="#Output-521207494" onClick="toggleAllBoxes();">Show all outputs</a>
<div class='log' id="Output-521207494">
Sorted Product(Descending): [49.99, 29.99, 15.99, 15.99, 9.99, 7.99]<br/>
</div>
</td>
<td></td>
<td>0</td>
<td>testcases.InventoryTest@68c9133c</td></tr>
<tr>
<td title='testcases.InventoryTest.verfifyLowToHighFilter()'><b>verfifyLowToHighFilter</b><br>Test class: testcases.InventoryTest<br/>
<a href="#Output-1592618491" onClick='toggleBox("Output-1592618491", this, "Show output", "Hide output");'>Show output</a>

<a href="#Output-1592618491" onClick="toggleAllBoxes();">Show all outputs</a>
<div class='log' id="Output-1592618491">
Sorted Product(Ascending): [7.99, 9.99, 15.99, 15.99, 29.99, 49.99]<br/>
</div>
</td>
<td></td>
<td>0</td>
<td>testcases.InventoryTest@68c9133c</td></tr>
<tr>
<td title='testcases.InventoryTest.add3ProductToCartTest()'><b>add3ProductToCartTest</b><br>Test class: testcases.InventoryTest<br/>
<a href="#Output-119420356" onClick='toggleBox("Output-119420356", this, "Show output", "Hide output");'>Show output</a>

<a href="#Output-119420356" onClick="toggleAllBoxes();">Show all outputs</a>
<div class='log' id="Output-119420356">
Total products added into the cart = 3<br/>
</div>
</td>
<td></td>
<td>0</td>
<td>testcases.InventoryTest@68c9133c</td></tr>
<tr>
<td title='testcases.InventoryTest.verifyHeaderTitle()'><b>verifyHeaderTitle</b><br>Test class: testcases.InventoryTest</td>
<td></td>
<td>0</td>
<td>testcases.InventoryTest@68c9133c</td></tr>
<tr>
<td title='testcases.InventoryTest.removefromcartTest()'><b>removefromcartTest</b><br>Test class: testcases.InventoryTest<br/>
<a href="#Output-1677309282" onClick='toggleBox("Output-1677309282", this, "Show output", "Hide output");'>Show output</a>

<a href="#Output-1677309282" onClick="toggleAllBoxes();">Show all outputs</a>
<div class='log' id="Output-1677309282">
Total products added into the cart = 4<br/>
</div>
</td>
<td></td>
<td>0</td>
<td>testcases.InventoryTest@68c9133c</td></tr>
<tr>
<td title='testcases.InventoryTest.verifyTwitterIconDisplayed()'><b>verifyTwitterIconDisplayed</b><br>Test class: testcases.InventoryTest</td>
<td></td>
<td>0</td>
<td>testcases.InventoryTest@68c9133c</td></tr>
</table><p>
</body>
</html>